<?xml version="1.0" encoding="UTF-8"?>
<testng-results skipped="0" failed="0" ignored="0" total="1" passed="1">
  <reporter-output>
  </reporter-output>
  <suite name="Suite" duration-ms="15870" started-at="2021-10-12T15:06:40Z" finished-at="2021-10-12T15:06:56Z">
    <groups>
    </groups>
    <test name="Test" duration-ms="15870" started-at="2021-10-12T15:06:40Z" finished-at="2021-10-12T15:06:56Z">
      <class name="sampleTest.SampleTestTest">
        <test-method status="PASS" signature="loginTest()[pri:0, instance:sampleTest.SampleTestTest@6adca536]" name="loginTest" duration-ms="15820" started-at="2021-10-12T20:36:41Z" finished-at="2021-10-12T20:36:56Z">
          <reporter-output>
          </reporter-output>
        </test-method> <!-- loginTest -->
      </class> <!-- sampleTest.SampleTestTest -->
    </test> <!-- Test -->
  </suite> <!-- Suite -->
</testng-results>
