<?xml version="1.0" encoding="UTF-8"?>
<testng-results skipped="0" failed="0" ignored="0" total="1" passed="1">
  <reporter-output>
  </reporter-output>
  <suite name="Default suite" duration-ms="11154" started-at="2021-10-12T14:32:43Z" finished-at="2021-10-12T14:32:55Z">
    <groups>
    </groups>
    <test name="Default test" duration-ms="11154" started-at="2021-10-12T14:32:43Z" finished-at="2021-10-12T14:32:55Z">
      <class name="sampleTest.SampleTestTest">
        <test-method status="PASS" signature="loginTest()[pri:0, instance:sampleTest.SampleTestTest@2a2d45ba]" name="loginTest" duration-ms="11114" started-at="2021-10-12T20:02:44Z" finished-at="2021-10-12T20:02:55Z">
          <reporter-output>
          </reporter-output>
        </test-method> <!-- loginTest -->
      </class> <!-- sampleTest.SampleTestTest -->
    </test> <!-- Default test -->
  </suite> <!-- Default suite -->
</testng-results>
